<?xml version="1.0" encoding="UTF-8"?>
<testng-results ignored="0" total="1" passed="1" failed="0" skipped="0">
  <reporter-output>
  </reporter-output>
  <suite started-at="2025-04-03T08:15:10 UTC" name="Surefire suite" finished-at="2025-04-03T08:15:10 UTC" duration-ms="20">
    <groups>
    </groups>
    <test started-at="2025-04-03T08:15:10 UTC" name="Surefire test" finished-at="2025-04-03T08:15:10 UTC" duration-ms="20">
      <class name="com.qa.AppTest">
        <test-method signature="testApp()[pri:0, instance:testApp(com.qa.AppTest)]" started-at="2025-04-03T08:15:10 UTC" name="testApp" finished-at="2025-04-03T08:15:10 UTC" duration-ms="1" status="PASS">
          <reporter-output>
          </reporter-output>
        </test-method> <!-- testApp -->
      </class> <!-- com.qa.AppTest -->
    </test> <!-- Surefire test -->
  </suite> <!-- Surefire suite -->
</testng-results>
