<?xml version="1.0" encoding="UTF-8"?>
<testng-results ignored="0" total="2" passed="2" failed="0" skipped="0">
  <reporter-output>
  </reporter-output>
  <suite started-at="2025-04-03T08:15:03 UTC" name="Surefire suite" finished-at="2025-04-03T08:15:10 UTC" duration-ms="6837">
    <groups>
    </groups>
    <test started-at="2025-04-03T08:15:03 UTC" name="Surefire test" finished-at="2025-04-03T08:15:10 UTC" duration-ms="6837">
      <class name="com.qa.tests.LoginTest">
        <test-method is-config="true" signature="setup()[pri:0, instance:com.qa.tests.LoginTest@78e94dcf]" started-at="2025-04-03T08:15:03 UTC" name="setup" finished-at="2025-04-03T08:15:07 UTC" duration-ms="4304" status="PASS">
          <reporter-output>
          </reporter-output>
        </test-method> <!-- setup -->
        <test-method signature="testGoogleTitle()[pri:0, instance:com.qa.tests.LoginTest@78e94dcf]" started-at="2025-04-03T08:15:07 UTC" name="testGoogleTitle" finished-at="2025-04-03T08:15:09 UTC" duration-ms="1675" status="PASS">
          <reporter-output>
          </reporter-output>
        </test-method> <!-- testGoogleTitle -->
        <test-method signature="testSearchBoxPresence()[pri:0, instance:com.qa.tests.LoginTest@78e94dcf]" started-at="2025-04-03T08:15:09 UTC" name="testSearchBoxPresence" finished-at="2025-04-03T08:15:09 UTC" duration-ms="661" status="PASS">
          <reporter-output>
          </reporter-output>
        </test-method> <!-- testSearchBoxPresence -->
        <test-method is-config="true" signature="teardown()[pri:0, instance:com.qa.tests.LoginTest@78e94dcf]" started-at="2025-04-03T08:15:09 UTC" name="teardown" finished-at="2025-04-03T08:15:10 UTC" duration-ms="133" status="PASS">
          <reporter-output>
          </reporter-output>
        </test-method> <!-- teardown -->
      </class> <!-- com.qa.tests.LoginTest -->
    </test> <!-- Surefire test -->
  </suite> <!-- Surefire suite -->
</testng-results>
